{
  "stats": {
    "suites": 4,
    "tests": 14,
    "passes": 14,
    "pending": 0,
    "failures": 0,
    "start": "2022-08-22T23:15:12.719Z",
    "end": "2022-08-22T23:16:08.566Z",
    "duration": 45147,
    "testsRegistered": 14,
    "passPercent": 100,
    "pendingPercent": 0,
    "other": 0,
    "hasOther": false,
    "skipped": 0,
    "hasSkipped": false
  },
  "results": [
    {
      "uuid": "15f3208a-6f50-441d-b564-92fe1cf8a795",
      "title": "",
      "fullFile": "cypress\\e2e\\test-2-settings_page.cy.js",
      "file": "cypress\\e2e\\test-2-settings_page.cy.js",
      "beforeHooks": [],
      "afterHooks": [],
      "tests": [],
      "suites": [
        {
          "uuid": "87be22c0-2ac5-4a6b-bd46-604ce208d213",
          "title": "test2 spec - Settings page",
          "fullFile": "",
          "file": "",
          "beforeHooks": [],
          "afterHooks": [],
          "tests": [
            {
              "title": "open settings page",
              "fullTitle": "test2 spec - Settings page open settings page",
              "timedOut": null,
              "duration": 2963,
              "state": "passed",
              "speed": "fast",
              "pass": true,
              "fail": false,
              "pending": false,
              "context": null,
              "code": "cy.log('Step 1 - load home page, then visit settings page');\ncy.visit('/');\ncy.get('div').contains('Project Settings').click();\ncy.get(_locators.default.sidebarButton).click();\ncy.wait(1000);\ncy.get(_locators.default.sidebarButton).click();",
              "err": {},
              "uuid": "25a5f173-35e2-4afe-bdda-5d4da884788a",
              "parentUUID": "87be22c0-2ac5-4a6b-bd46-604ce208d213",
              "isHook": false,
              "skipped": false
            },
            {
              "title": "edit settings",
              "fullTitle": "test2 spec - Settings page edit settings",
              "timedOut": null,
              "duration": 3512,
              "state": "passed",
              "speed": "fast",
              "pass": true,
              "fail": false,
              "pending": false,
              "context": null,
              "code": "cy.log('Step 2 - edit project setting, save and verify');\ncy.get(_locators.default.projectNameInput).should('exist').clear().type('Demo QA Jira Clone');\ncy.get(_locators.default.projectURLInput).should('exist').clear().type('https://github.com/cvele992/QA-Automation-cypress-test');\ncy.get(_locators.default.projectCategorySelect).should('exist').select('Marketing');\ncy.get(_locators.default.projectDescriptionTextarea).should('exist').type('used for QA Automation test');\ncy.get(_locators.default.projectSaveButton).should('exist').click();\ncy.wait(1000);\ncy.get('div').contains('Changes have been saved successfully.');",
              "err": {},
              "uuid": "737e91bd-6235-4af6-b7e2-e1758a8ae198",
              "parentUUID": "87be22c0-2ac5-4a6b-bd46-604ce208d213",
              "isHook": false,
              "skipped": false
            }
          ],
          "suites": [],
          "passes": [
            "25a5f173-35e2-4afe-bdda-5d4da884788a",
            "737e91bd-6235-4af6-b7e2-e1758a8ae198"
          ],
          "failures": [],
          "pending": [],
          "skipped": [],
          "duration": 6475,
          "root": false,
          "rootEmpty": false,
          "_timeout": 2000
        }
      ],
      "passes": [],
      "failures": [],
      "pending": [],
      "skipped": [],
      "duration": 0,
      "root": true,
      "rootEmpty": true,
      "_timeout": 2000
    },
    {
      "uuid": "76b0ebce-c362-447c-ace0-c23478f7afce",
      "title": "",
      "fullFile": "cypress\\e2e\\test-3-hover_options.cy.js",
      "file": "cypress\\e2e\\test-3-hover_options.cy.js",
      "beforeHooks": [],
      "afterHooks": [],
      "tests": [],
      "suites": [
        {
          "uuid": "1a20dd8f-e9f0-405d-8503-d1af72165708",
          "title": "test3 spec - Hover options",
          "fullFile": "",
          "file": "",
          "beforeHooks": [],
          "afterHooks": [],
          "tests": [
            {
              "title": "open home page",
              "fullTitle": "test3 spec - Hover options open home page",
              "timedOut": null,
              "duration": 587,
              "state": "passed",
              "speed": "fast",
              "pass": true,
              "fail": false,
              "pending": false,
              "context": null,
              "code": "cy.log('Step 1 - load home page');\ncy.visit('/');",
              "err": {},
              "uuid": "19cfdd48-bf41-4ee6-8c3d-94b6bbad8807",
              "parentUUID": "1a20dd8f-e9f0-405d-8503-d1af72165708",
              "isHook": false,
              "skipped": false
            },
            {
              "title": "test hover options with cypress real events",
              "fullTitle": "test3 spec - Hover options test hover options with cypress real events",
              "timedOut": null,
              "duration": 384,
              "state": "passed",
              "speed": "fast",
              "pass": true,
              "fail": false,
              "pending": false,
              "context": null,
              "code": "cy.log('Step 2 - hover over button and check if text is displayed');\ncy.get(_locators.default.projectSearchLogo).realHover();\ncy.get('.ant-tooltip-inner.ng-tns-c76-2').should('have.text', 'Search issues');\ncy.get(_locators.default.projectCreateIssueLogo).realHover();\ncy.get('.ant-tooltip-inner.ng-tns-c76-3').should('have.text', 'Create issue');",
              "err": {},
              "uuid": "390c9fdd-9d1e-445d-8ee9-f7bbf26bd8e6",
              "parentUUID": "1a20dd8f-e9f0-405d-8503-d1af72165708",
              "isHook": false,
              "skipped": false
            }
          ],
          "suites": [],
          "passes": [
            "19cfdd48-bf41-4ee6-8c3d-94b6bbad8807",
            "390c9fdd-9d1e-445d-8ee9-f7bbf26bd8e6"
          ],
          "failures": [],
          "pending": [],
          "skipped": [],
          "duration": 971,
          "root": false,
          "rootEmpty": false,
          "_timeout": 2000
        }
      ],
      "passes": [],
      "failures": [],
      "pending": [],
      "skipped": [],
      "duration": 0,
      "root": true,
      "rootEmpty": true,
      "_timeout": 2000
    },
    {
      "uuid": "ff1e9539-344e-4cca-b43c-1171b200e507",
      "title": "",
      "fullFile": "cypress\\e2e\\test-4-bug_flow.cy.js",
      "file": "cypress\\e2e\\test-4-bug_flow.cy.js",
      "beforeHooks": [],
      "afterHooks": [],
      "tests": [],
      "suites": [
        {
          "uuid": "f0a57ea9-2a81-45b1-ae7e-c4269177082e",
          "title": "test4 spec - Bug flow",
          "fullFile": "",
          "file": "",
          "beforeHooks": [],
          "afterHooks": [],
          "tests": [
            {
              "title": "open home page",
              "fullTitle": "test4 spec - Bug flow open home page",
              "timedOut": null,
              "duration": 674,
              "state": "passed",
              "speed": "fast",
              "pass": true,
              "fail": false,
              "pending": false,
              "context": null,
              "code": "cy.log('Step 1 - load home page');\ncy.visit('/');",
              "err": {},
              "uuid": "0b6434a0-a233-45d5-a6dd-01392ef53483",
              "parentUUID": "f0a57ea9-2a81-45b1-ae7e-c4269177082e",
              "isHook": false,
              "skipped": false
            },
            {
              "title": "test bug flow",
              "fullTitle": "test4 spec - Bug flow test bug flow",
              "timedOut": null,
              "duration": 15193,
              "state": "passed",
              "speed": "slow",
              "pass": true,
              "fail": false,
              "pending": false,
              "context": null,
              "code": "let type = \"Bug\";\nlet priority = \"Lowest\";\nlet reporter = \"Iron Man\";\nlet assignee = \"Spider Man\";\ncy.log('Step 2 - create bug');\ncy.get(_locators.default.addBtn).should('exist').click();\ncy.get(_locators.default.issueTypeField).should('exist').click();\ncy.get(_locators.default.SelectOptionField).as('option');\ncy.get('@option').contains(type).click();\ncy.get(_locators.default.issueProirityField).should('exist').click();\ncy.get(_locators.default.SelectOptionField).as('option');\ncy.get('@option').contains(priority).click();\ncy.get(_locators.default.shortSummaryInput).should('exist').type('New ' + type);\ncy.get(_locators.default.descriptionParagraph).should('exist').type('This is the new bug');\ncy.get(_locators.default.reporterField).should('exist').click();\ncy.get(_locators.default.SelectOptionField).as('option');\ncy.get('@option').contains(reporter).click();\ncy.get(_locators.default.assigneesField).should('exist').click();\ncy.get(_locators.default.SelectOptionField).as('option');\ncy.get('@option').contains(assignee).click();\ncy.get('label').contains('Description').click();\ncy.get(_locators.default.form).find(\"[type='submit']\").contains('Create Issue').click();\ncy.wait(1000);\ncy.get(_locators.default.issueCardP).contains('New Bug').click();\ncy.get(_locators.default.issueCommentAdd).type('This bug will be selected for development');\ncy.get(_locators.default.issueCommentAddButton).contains('Save').click();\ncy.get(_locators.default.issueStatusEdit).contains('Backlog').click();\ncy.get(_locators.default.issueStatusEditDropdown).contains('Selected for Development').click();\ncy.wait(1000);\ncy.get(_locators.default.jButtonTimesIcon).click();\ncy.get(_locators.default.issueCardP).contains('New Bug').click();\ncy.get(_locators.default.issueCommentAdd).type('This bug is currently in progress');\ncy.get(_locators.default.issueCommentAddButton).contains('Save').click();\ncy.get(_locators.default.issueStatusEdit).contains('Selected for Development').click();\ncy.get(_locators.default.issueStatusEditDropdown).contains('In progress').click();\ncy.wait(1000);\ncy.get(_locators.default.jButtonTimesIcon).click();\ncy.get(_locators.default.issueCardP).contains('New Bug').click();\ncy.get(_locators.default.issueCommentAdd).type('This bug is done');\ncy.get(_locators.default.issueCommentAddButton).contains('Save').click();\ncy.get(_locators.default.issueStatusEdit).contains('In progress').click();\ncy.get(_locators.default.issueStatusEditDropdown).contains('Done').click();\ncy.wait(1000);\ncy.get(_locators.default.jButtonTimesIcon).click();",
              "err": {},
              "uuid": "229e7d35-ee72-4679-8d4e-a2f858bbd7ab",
              "parentUUID": "f0a57ea9-2a81-45b1-ae7e-c4269177082e",
              "isHook": false,
              "skipped": false
            }
          ],
          "suites": [],
          "passes": [
            "0b6434a0-a233-45d5-a6dd-01392ef53483",
            "229e7d35-ee72-4679-8d4e-a2f858bbd7ab"
          ],
          "failures": [],
          "pending": [],
          "skipped": [],
          "duration": 15867,
          "root": false,
          "rootEmpty": false,
          "_timeout": 2000
        }
      ],
      "passes": [],
      "failures": [],
      "pending": [],
      "skipped": [],
      "duration": 0,
      "root": true,
      "rootEmpty": true,
      "_timeout": 2000
    },
    {
      "uuid": "288e269a-26c1-4108-9ed2-1f83f5e5e9cd",
      "title": "",
      "fullFile": "cypress\\e2e\\test-1-home_page.cy.js",
      "file": "cypress\\e2e\\test-1-home_page.cy.js",
      "beforeHooks": [],
      "afterHooks": [],
      "tests": [],
      "suites": [
        {
          "uuid": "56697c64-681a-4113-bb95-f9315c748a28",
          "title": "test1 spec - Home page",
          "fullFile": "",
          "file": "",
          "beforeHooks": [],
          "afterHooks": [],
          "tests": [
            {
              "title": "open home page",
              "fullTitle": "test1 spec - Home page open home page",
              "timedOut": null,
              "duration": 1873,
              "state": "passed",
              "speed": "fast",
              "pass": true,
              "fail": false,
              "pending": false,
              "context": null,
              "code": "cy.visit('/');",
              "err": {},
              "uuid": "056328b0-c15b-40f4-a407-9f8dc3811ecb",
              "parentUUID": "56697c64-681a-4113-bb95-f9315c748a28",
              "isHook": false,
              "skipped": false
            },
            {
              "title": "create issue - Bug",
              "fullTitle": "test1 spec - Home page create issue - Bug",
              "timedOut": null,
              "duration": 3578,
              "state": "passed",
              "speed": "fast",
              "pass": true,
              "fail": false,
              "pending": false,
              "context": null,
              "code": "cy.log('Step ' + brojac + ' - create ' + type);\ncy.get(_locators.default.addBtn).should('exist').click();\ncy.get(_locators.default.issueTypeField).should('exist').click();\ncy.get(_locators.default.SelectOptionField).as('option');\ncy.get('@option').contains(type).click();\ncy.get(_locators.default.issueProirityField).should('exist').click();\ncy.get(_locators.default.SelectOptionField).as('option');\ncy.get('@option').contains(priority).click();\ncy.get(_locators.default.shortSummaryInput).should('exist').type('First ' + type);\ncy.get(_locators.default.descriptionParagraph).should('exist').type('This is the first ' + type);\ncy.get(_locators.default.reporterField).should('exist').click();\ncy.get(_locators.default.SelectOptionField).as('option');\ncy.get('@option').contains(reporter).click();\ncy.get(_locators.default.assigneesField).should('exist').click();\ncy.get(_locators.default.SelectOptionField).as('option');\ncy.get('@option').contains(assignee).click();\ncy.get('label').contains('Description').click();\ncy.get(_locators.default.form).find(\"[type='submit']\").contains('Create Issue').click();",
              "err": {},
              "uuid": "ca93e92d-976a-48e8-b42a-e26174aac573",
              "parentUUID": "56697c64-681a-4113-bb95-f9315c748a28",
              "isHook": false,
              "skipped": false
            },
            {
              "title": "create issue - Story",
              "fullTitle": "test1 spec - Home page create issue - Story",
              "timedOut": null,
              "duration": 3659,
              "state": "passed",
              "speed": "fast",
              "pass": true,
              "fail": false,
              "pending": false,
              "context": null,
              "code": "cy.log('Step ' + brojac + ' - create ' + type);\ncy.get(_locators.default.addBtn).should('exist').click();\ncy.get(_locators.default.issueTypeField).should('exist').click();\ncy.get(_locators.default.SelectOptionField).as('option');\ncy.get('@option').contains(type).click();\ncy.get(_locators.default.issueProirityField).should('exist').click();\ncy.get(_locators.default.SelectOptionField).as('option');\ncy.get('@option').contains(priority).click();\ncy.get(_locators.default.shortSummaryInput).should('exist').type('First ' + type);\ncy.get(_locators.default.descriptionParagraph).should('exist').type('This is the first ' + type);\ncy.get(_locators.default.reporterField).should('exist').click();\ncy.get(_locators.default.SelectOptionField).as('option');\ncy.get('@option').contains(reporter).click();\ncy.get(_locators.default.assigneesField).should('exist').click();\ncy.get(_locators.default.SelectOptionField).as('option');\ncy.get('@option').contains(assignee).click();\ncy.get('label').contains('Description').click();\ncy.get(_locators.default.form).find(\"[type='submit']\").contains('Create Issue').click();",
              "err": {},
              "uuid": "e4ecc57b-b4cd-4838-a222-2977d8d41a8f",
              "parentUUID": "56697c64-681a-4113-bb95-f9315c748a28",
              "isHook": false,
              "skipped": false
            },
            {
              "title": "create issue - Task",
              "fullTitle": "test1 spec - Home page create issue - Task",
              "timedOut": null,
              "duration": 3731,
              "state": "passed",
              "speed": "fast",
              "pass": true,
              "fail": false,
              "pending": false,
              "context": null,
              "code": "cy.log('Step ' + brojac + ' - create ' + type);\ncy.get(_locators.default.addBtn).should('exist').click();\ncy.get(_locators.default.issueTypeField).should('exist').click();\ncy.get(_locators.default.SelectOptionField).as('option');\ncy.get('@option').contains(type).click();\ncy.get(_locators.default.issueProirityField).should('exist').click();\ncy.get(_locators.default.SelectOptionField).as('option');\ncy.get('@option').contains(priority).click();\ncy.get(_locators.default.shortSummaryInput).should('exist').type('First ' + type);\ncy.get(_locators.default.descriptionParagraph).should('exist').type('This is the first ' + type);\ncy.get(_locators.default.reporterField).should('exist').click();\ncy.get(_locators.default.SelectOptionField).as('option');\ncy.get('@option').contains(reporter).click();\ncy.get(_locators.default.assigneesField).should('exist').click();\ncy.get(_locators.default.SelectOptionField).as('option');\ncy.get('@option').contains(assignee).click();\ncy.get('label').contains('Description').click();\ncy.get(_locators.default.form).find(\"[type='submit']\").contains('Create Issue').click();",
              "err": {},
              "uuid": "18b27c09-8c75-4708-85d9-351e87e0e81d",
              "parentUUID": "56697c64-681a-4113-bb95-f9315c748a28",
              "isHook": false,
              "skipped": false
            },
            {
              "title": "create issue - negative",
              "fullTitle": "test1 spec - Home page create issue - negative",
              "timedOut": null,
              "duration": 3310,
              "state": "passed",
              "speed": "fast",
              "pass": true,
              "fail": false,
              "pending": false,
              "context": null,
              "code": "let type = \"Bug\";\nlet priority = \"Lowest\";\nlet reporter = \"Iron Man\";\nlet assignee = \"Spider Man\";\ncy.log('Step 5 - check if create issue button is disabled');\ncy.get(_locators.default.addBtn).should('exist').click();\ncy.get(_locators.default.issueTypeField).should('exist').click();\ncy.get(_locators.default.SelectOptionField).as('option');\ncy.get('@option').contains(type).click();\ncy.get(_locators.default.issueProirityField).should('exist').click();\ncy.get(_locators.default.SelectOptionField).as('option');\ncy.get('@option').contains(priority).click();\ncy.get(_locators.default.descriptionParagraph).should('exist').type('This is the first bug');\ncy.get(_locators.default.reporterField).should('exist').click();\ncy.get(_locators.default.SelectOptionField).as('option');\ncy.get('@option').contains(reporter).click();\ncy.get(_locators.default.assigneesField).should('exist').click();\ncy.get(_locators.default.SelectOptionField).as('option');\ncy.get('@option').contains(assignee).click();\ncy.get('label').contains('Description').click();\ncy.get(_locators.default.form).find(\"[type='submit']\").contains('Create Issue').should('be.disabled');\ncy.get(_locators.default.form).find(\"[type='button']\").contains('Cancel').click();",
              "err": {},
              "uuid": "d7ee6e92-4be9-43ce-831d-aad8544535d9",
              "parentUUID": "56697c64-681a-4113-bb95-f9315c748a28",
              "isHook": false,
              "skipped": false
            },
            {
              "title": "edit first bug and add comment",
              "fullTitle": "test1 spec - Home page edit first bug and add comment",
              "timedOut": null,
              "duration": 2879,
              "state": "passed",
              "speed": "fast",
              "pass": true,
              "fail": false,
              "pending": false,
              "context": null,
              "code": "cy.log('Step 6 - edit first bug');\ncy.get(_locators.default.issueCardP).contains('First Bug').click();\ncy.get(_locators.default.issueTitleEditField).type(\" - fixed\");\ncy.get(_locators.default.issueCommentAdd).type('This is not a bug, it is a feature');\ncy.get(_locators.default.issueCommentAddButton).contains('Save').click();\ncy.get(_locators.default.issueStatusEdit).contains('Backlog').click();\ncy.get(_locators.default.issueStatusEditDropdown).contains('Done').click();\ncy.get(_locators.default.jButtonTimesIcon).click();",
              "err": {},
              "uuid": "fcdebabe-5a36-4ab6-9c5d-9feb211f99fb",
              "parentUUID": "56697c64-681a-4113-bb95-f9315c748a28",
              "isHook": false,
              "skipped": false
            },
            {
              "title": "delete first story",
              "fullTitle": "test1 spec - Home page delete first story",
              "timedOut": null,
              "duration": 1370,
              "state": "passed",
              "speed": "fast",
              "pass": true,
              "fail": false,
              "pending": false,
              "context": null,
              "code": "cy.log('Step 7 - Delete first story');\ncy.get(_locators.default.issueCardP).contains('First Story').click();\ncy.get(_locators.default.jButtonTrashIcon).click();\ncy.get('span').contains('Delete').click();",
              "err": {},
              "uuid": "39f60c80-b575-4579-8d3a-e619df7d23f6",
              "parentUUID": "56697c64-681a-4113-bb95-f9315c748a28",
              "isHook": false,
              "skipped": false
            },
            {
              "title": "collapse and open sidebar",
              "fullTitle": "test1 spec - Home page collapse and open sidebar",
              "timedOut": null,
              "duration": 1434,
              "state": "passed",
              "speed": "fast",
              "pass": true,
              "fail": false,
              "pending": false,
              "context": null,
              "code": "cy.log('Step 8 - collapse and open sidebar');\ncy.get(_locators.default.sidebarButton).click();\ncy.wait(1000);\ncy.get(_locators.default.sidebarButton).click();",
              "err": {},
              "uuid": "c9819cd5-eb49-4b05-8101-227ab32c983c",
              "parentUUID": "56697c64-681a-4113-bb95-f9315c748a28",
              "isHook": false,
              "skipped": false
            }
          ],
          "suites": [],
          "passes": [
            "056328b0-c15b-40f4-a407-9f8dc3811ecb",
            "ca93e92d-976a-48e8-b42a-e26174aac573",
            "e4ecc57b-b4cd-4838-a222-2977d8d41a8f",
            "18b27c09-8c75-4708-85d9-351e87e0e81d",
            "d7ee6e92-4be9-43ce-831d-aad8544535d9",
            "fcdebabe-5a36-4ab6-9c5d-9feb211f99fb",
            "39f60c80-b575-4579-8d3a-e619df7d23f6",
            "c9819cd5-eb49-4b05-8101-227ab32c983c"
          ],
          "failures": [],
          "pending": [],
          "skipped": [],
          "duration": 21834,
          "root": false,
          "rootEmpty": false,
          "_timeout": 2000
        }
      ],
      "passes": [],
      "failures": [],
      "pending": [],
      "skipped": [],
      "duration": 0,
      "root": true,
      "rootEmpty": true,
      "_timeout": 2000
    }
  ],
  "meta": {
    "mocha": {
      "version": "7.0.1"
    },
    "mochawesome": {
      "options": {
        "quiet": false,
        "reportFilename": "mochawesome",
        "saveHtml": false,
        "saveJson": true,
        "consoleReporter": "spec",
        "useInlineDiffs": false,
        "code": true
      },
      "version": "7.1.3"
    },
    "marge": {
      "options": {
        "reportDir": "cypress/results",
        "overwrite": false,
        "html": false,
        "json": true
      },
      "version": "6.2.0"
    }
  }
}