{
  "stats": {
    "suites": 4,
    "tests": 14,
    "passes": 14,
    "pending": 0,
    "failures": 0,
    "start": "2022-08-22T22:35:48.103Z",
    "end": "2022-08-22T22:36:45.069Z",
    "duration": 45799,
    "testsRegistered": 14,
    "passPercent": 100,
    "pendingPercent": 0,
    "other": 0,
    "hasOther": false,
    "skipped": 0,
    "hasSkipped": false
  },
  "results": [
    {
      "uuid": "67cac12b-dc2e-4339-9a46-8a7a420c93aa",
      "title": "",
      "fullFile": "cypress\\e2e\\test-2-settings_page.cy.js",
      "file": "cypress\\e2e\\test-2-settings_page.cy.js",
      "beforeHooks": [],
      "afterHooks": [],
      "tests": [],
      "suites": [
        {
          "uuid": "dc2aa8ca-a3de-4b92-b96c-2436eb4149f8",
          "title": "test2 spec - Settings page",
          "fullFile": "",
          "file": "",
          "beforeHooks": [],
          "afterHooks": [],
          "tests": [
            {
              "title": "open settings page",
              "fullTitle": "test2 spec - Settings page open settings page",
              "timedOut": null,
              "duration": 2822,
              "state": "passed",
              "speed": "fast",
              "pass": true,
              "fail": false,
              "pending": false,
              "context": null,
              "code": "cy.log('Step 1 - load home page, then visit settings page');\ncy.visit('/');\ncy.get('div').contains('Project Settings').click();\ncy.get(_locators.default.sidebarButton).click();\ncy.wait(1000);\ncy.get(_locators.default.sidebarButton).click();",
              "err": {},
              "uuid": "3a1d126c-0cd5-497f-be04-a331661f4479",
              "parentUUID": "dc2aa8ca-a3de-4b92-b96c-2436eb4149f8",
              "isHook": false,
              "skipped": false
            },
            {
              "title": "edit settings",
              "fullTitle": "test2 spec - Settings page edit settings",
              "timedOut": null,
              "duration": 3561,
              "state": "passed",
              "speed": "fast",
              "pass": true,
              "fail": false,
              "pending": false,
              "context": null,
              "code": "cy.log('Step 2 - edit project setting, save and verify');\ncy.get(_locators.default.projectNameInput).should('exist').clear().type('Demo QA Jira Clone');\ncy.get(_locators.default.projectURLInput).should('exist').clear().type('https://github.com/cvele992/QA-Automation-cypress-test');\ncy.get(_locators.default.projectCategorySelect).should('exist').select('Marketing');\ncy.get(_locators.default.projectDescriptionTextarea).should('exist').type('used for QA Automation test');\ncy.get(_locators.default.projectSaveButton).should('exist').click();\ncy.wait(1000);\ncy.get('div').contains('Changes have been saved successfully.');",
              "err": {},
              "uuid": "cbe6c51f-fee5-4ae0-bf71-0dbc7ef24d15",
              "parentUUID": "dc2aa8ca-a3de-4b92-b96c-2436eb4149f8",
              "isHook": false,
              "skipped": false
            }
          ],
          "suites": [],
          "passes": [
            "3a1d126c-0cd5-497f-be04-a331661f4479",
            "cbe6c51f-fee5-4ae0-bf71-0dbc7ef24d15"
          ],
          "failures": [],
          "pending": [],
          "skipped": [],
          "duration": 6383,
          "root": false,
          "rootEmpty": false,
          "_timeout": 2000
        }
      ],
      "passes": [],
      "failures": [],
      "pending": [],
      "skipped": [],
      "duration": 0,
      "root": true,
      "rootEmpty": true,
      "_timeout": 2000
    },
    {
      "uuid": "8f154b89-2214-4f4e-bc63-93f11a67ec6e",
      "title": "",
      "fullFile": "cypress\\e2e\\test-3-hover_options.cy.js",
      "file": "cypress\\e2e\\test-3-hover_options.cy.js",
      "beforeHooks": [],
      "afterHooks": [],
      "tests": [],
      "suites": [
        {
          "uuid": "07780053-cda7-4e19-afd6-8bf262919c90",
          "title": "test3 spec - Hover options",
          "fullFile": "",
          "file": "",
          "beforeHooks": [],
          "afterHooks": [],
          "tests": [
            {
              "title": "open home page",
              "fullTitle": "test3 spec - Hover options open home page",
              "timedOut": null,
              "duration": 531,
              "state": "passed",
              "speed": "fast",
              "pass": true,
              "fail": false,
              "pending": false,
              "context": null,
              "code": "cy.log('Step 1 - load home page');\ncy.visit('/');",
              "err": {},
              "uuid": "93b149d2-05a8-40c1-a934-d95471accd27",
              "parentUUID": "07780053-cda7-4e19-afd6-8bf262919c90",
              "isHook": false,
              "skipped": false
            },
            {
              "title": "test hover options with cypress real events",
              "fullTitle": "test3 spec - Hover options test hover options with cypress real events",
              "timedOut": null,
              "duration": 475,
              "state": "passed",
              "speed": "fast",
              "pass": true,
              "fail": false,
              "pending": false,
              "context": null,
              "code": "cy.log('Step 2 - hover over button and check if text is displayed');\ncy.get(_locators.default.projectSearchLogo).realHover();\ncy.get('.ant-tooltip-inner.ng-tns-c76-2').should('have.text', 'Search issues');\ncy.get(_locators.default.projectCreateIssueLogo).realHover();\ncy.get('.ant-tooltip-inner.ng-tns-c76-3').should('have.text', 'Create issue');",
              "err": {},
              "uuid": "5c1ed93a-bda1-40f8-b30d-f9bf74d7256d",
              "parentUUID": "07780053-cda7-4e19-afd6-8bf262919c90",
              "isHook": false,
              "skipped": false
            }
          ],
          "suites": [],
          "passes": [
            "93b149d2-05a8-40c1-a934-d95471accd27",
            "5c1ed93a-bda1-40f8-b30d-f9bf74d7256d"
          ],
          "failures": [],
          "pending": [],
          "skipped": [],
          "duration": 1006,
          "root": false,
          "rootEmpty": false,
          "_timeout": 2000
        }
      ],
      "passes": [],
      "failures": [],
      "pending": [],
      "skipped": [],
      "duration": 0,
      "root": true,
      "rootEmpty": true,
      "_timeout": 2000
    },
    {
      "uuid": "fd58fb20-ef93-47f9-be66-e3ff05ef5607",
      "title": "",
      "fullFile": "cypress\\e2e\\test-4-bug_flow.cy.js",
      "file": "cypress\\e2e\\test-4-bug_flow.cy.js",
      "beforeHooks": [],
      "afterHooks": [],
      "tests": [],
      "suites": [
        {
          "uuid": "7f6d7ba6-51d4-4843-bb51-7a752c9ad577",
          "title": "test4 spec - Bug flow",
          "fullFile": "",
          "file": "",
          "beforeHooks": [],
          "afterHooks": [],
          "tests": [
            {
              "title": "open home page",
              "fullTitle": "test4 spec - Bug flow open home page",
              "timedOut": null,
              "duration": 742,
              "state": "passed",
              "speed": "fast",
              "pass": true,
              "fail": false,
              "pending": false,
              "context": null,
              "code": "cy.log('Step 1 - load home page');\ncy.visit('/');",
              "err": {},
              "uuid": "d2c1a74c-8052-451d-91e5-f6e378f30216",
              "parentUUID": "7f6d7ba6-51d4-4843-bb51-7a752c9ad577",
              "isHook": false,
              "skipped": false
            },
            {
              "title": "test bug flow",
              "fullTitle": "test4 spec - Bug flow test bug flow",
              "timedOut": null,
              "duration": 15239,
              "state": "passed",
              "speed": "slow",
              "pass": true,
              "fail": false,
              "pending": false,
              "context": null,
              "code": "let type = \"Bug\";\nlet priority = \"Lowest\";\nlet reporter = \"Iron Man\";\nlet assignee = \"Spider Man\";\ncy.log('Step 2 - create bug');\ncy.get(_locators.default.addBtn).should('exist').click();\ncy.get(_locators.default.issueTypeField).should('exist').click();\ncy.get(_locators.default.SelectOptionField).as('option');\ncy.get('@option').contains(type).click();\ncy.get(_locators.default.issueProirityField).should('exist').click();\ncy.get(_locators.default.SelectOptionField).as('option');\ncy.get('@option').contains(priority).click();\ncy.get(_locators.default.shortSummaryInput).should('exist').type('New ' + type);\ncy.get(_locators.default.descriptionParagraph).should('exist').type('This is the new bug');\ncy.get(_locators.default.reporterField).should('exist').click();\ncy.get(_locators.default.SelectOptionField).as('option');\ncy.get('@option').contains(reporter).click();\ncy.get(_locators.default.assigneesField).should('exist').click();\ncy.get(_locators.default.SelectOptionField).as('option');\ncy.get('@option').contains(assignee).click();\ncy.get('label').contains('Description').click();\ncy.get(_locators.default.form).find(\"[type='submit']\").contains('Create Issue').click();\ncy.wait(1000);\ncy.get(_locators.default.issueCardP).contains('New Bug').click();\ncy.get(_locators.default.issueCommentAdd).type('This bug will be selected for development');\ncy.get(_locators.default.issueCommentAddButton).contains('Save').click();\ncy.get(_locators.default.issueStatusEdit).contains('Backlog').click();\ncy.get(_locators.default.issueStatusEditDropdown).contains('Selected for Development').click();\ncy.wait(1000);\ncy.get(_locators.default.jButtonTimesIcon).click();\ncy.get(_locators.default.issueCardP).contains('New Bug').click();\ncy.get(_locators.default.issueCommentAdd).type('This bug is currently in progress');\ncy.get(_locators.default.issueCommentAddButton).contains('Save').click();\ncy.get(_locators.default.issueStatusEdit).contains('Selected for Development').click();\ncy.get(_locators.default.issueStatusEditDropdown).contains('In progress').click();\ncy.wait(1000);\ncy.get(_locators.default.jButtonTimesIcon).click();\ncy.get(_locators.default.issueCardP).contains('New Bug').click();\ncy.get(_locators.default.issueCommentAdd).type('This bug is done');\ncy.get(_locators.default.issueCommentAddButton).contains('Save').click();\ncy.get(_locators.default.issueStatusEdit).contains('In progress').click();\ncy.get(_locators.default.issueStatusEditDropdown).contains('Done').click();\ncy.wait(1000);\ncy.get(_locators.default.jButtonTimesIcon).click();",
              "err": {},
              "uuid": "69fd0dfb-2eeb-4bc8-a566-486b624daf0a",
              "parentUUID": "7f6d7ba6-51d4-4843-bb51-7a752c9ad577",
              "isHook": false,
              "skipped": false
            }
          ],
          "suites": [],
          "passes": [
            "d2c1a74c-8052-451d-91e5-f6e378f30216",
            "69fd0dfb-2eeb-4bc8-a566-486b624daf0a"
          ],
          "failures": [],
          "pending": [],
          "skipped": [],
          "duration": 15981,
          "root": false,
          "rootEmpty": false,
          "_timeout": 2000
        }
      ],
      "passes": [],
      "failures": [],
      "pending": [],
      "skipped": [],
      "duration": 0,
      "root": true,
      "rootEmpty": true,
      "_timeout": 2000
    },
    {
      "uuid": "ec0d5be3-e398-4c72-82dd-aa5a49e65e74",
      "title": "",
      "fullFile": "cypress\\e2e\\test-1-home_page.cy.js",
      "file": "cypress\\e2e\\test-1-home_page.cy.js",
      "beforeHooks": [],
      "afterHooks": [],
      "tests": [],
      "suites": [
        {
          "uuid": "be4730d2-eea4-482d-bd76-a081a68f0e4c",
          "title": "test1 spec - Home page",
          "fullFile": "",
          "file": "",
          "beforeHooks": [],
          "afterHooks": [],
          "tests": [
            {
              "title": "open home page",
              "fullTitle": "test1 spec - Home page open home page",
              "timedOut": null,
              "duration": 2216,
              "state": "passed",
              "speed": "fast",
              "pass": true,
              "fail": false,
              "pending": false,
              "context": null,
              "code": "cy.visit('/');",
              "err": {},
              "uuid": "434f1e98-3936-46b4-941f-d622a8b3eb96",
              "parentUUID": "be4730d2-eea4-482d-bd76-a081a68f0e4c",
              "isHook": false,
              "skipped": false
            },
            {
              "title": "create issue - Bug",
              "fullTitle": "test1 spec - Home page create issue - Bug",
              "timedOut": null,
              "duration": 3526,
              "state": "passed",
              "speed": "fast",
              "pass": true,
              "fail": false,
              "pending": false,
              "context": null,
              "code": "cy.log('Step ' + brojac + ' - create ' + type);\ncy.get(_locators.default.addBtn).should('exist').click();\ncy.get(_locators.default.issueTypeField).should('exist').click();\ncy.get(_locators.default.SelectOptionField).as('option');\ncy.get('@option').contains(type).click();\ncy.get(_locators.default.issueProirityField).should('exist').click();\ncy.get(_locators.default.SelectOptionField).as('option');\ncy.get('@option').contains(priority).click();\ncy.get(_locators.default.shortSummaryInput).should('exist').type('First ' + type);\ncy.get(_locators.default.descriptionParagraph).should('exist').type('This is the first ' + type);\ncy.get(_locators.default.reporterField).should('exist').click();\ncy.get(_locators.default.SelectOptionField).as('option');\ncy.get('@option').contains(reporter).click();\ncy.get(_locators.default.assigneesField).should('exist').click();\ncy.get(_locators.default.SelectOptionField).as('option');\ncy.get('@option').contains(assignee).click();\ncy.get('label').contains('Description').click();\ncy.get(_locators.default.form).find(\"[type='submit']\").contains('Create Issue').click();",
              "err": {},
              "uuid": "90695bb9-3d26-4450-b532-baa90585a7f9",
              "parentUUID": "be4730d2-eea4-482d-bd76-a081a68f0e4c",
              "isHook": false,
              "skipped": false
            },
            {
              "title": "create issue - Story",
              "fullTitle": "test1 spec - Home page create issue - Story",
              "timedOut": null,
              "duration": 3703,
              "state": "passed",
              "speed": "fast",
              "pass": true,
              "fail": false,
              "pending": false,
              "context": null,
              "code": "cy.log('Step ' + brojac + ' - create ' + type);\ncy.get(_locators.default.addBtn).should('exist').click();\ncy.get(_locators.default.issueTypeField).should('exist').click();\ncy.get(_locators.default.SelectOptionField).as('option');\ncy.get('@option').contains(type).click();\ncy.get(_locators.default.issueProirityField).should('exist').click();\ncy.get(_locators.default.SelectOptionField).as('option');\ncy.get('@option').contains(priority).click();\ncy.get(_locators.default.shortSummaryInput).should('exist').type('First ' + type);\ncy.get(_locators.default.descriptionParagraph).should('exist').type('This is the first ' + type);\ncy.get(_locators.default.reporterField).should('exist').click();\ncy.get(_locators.default.SelectOptionField).as('option');\ncy.get('@option').contains(reporter).click();\ncy.get(_locators.default.assigneesField).should('exist').click();\ncy.get(_locators.default.SelectOptionField).as('option');\ncy.get('@option').contains(assignee).click();\ncy.get('label').contains('Description').click();\ncy.get(_locators.default.form).find(\"[type='submit']\").contains('Create Issue').click();",
              "err": {},
              "uuid": "ff26532c-2b5d-4965-a64b-1df286acb9b3",
              "parentUUID": "be4730d2-eea4-482d-bd76-a081a68f0e4c",
              "isHook": false,
              "skipped": false
            },
            {
              "title": "create issue - Task",
              "fullTitle": "test1 spec - Home page create issue - Task",
              "timedOut": null,
              "duration": 3859,
              "state": "passed",
              "speed": "fast",
              "pass": true,
              "fail": false,
              "pending": false,
              "context": null,
              "code": "cy.log('Step ' + brojac + ' - create ' + type);\ncy.get(_locators.default.addBtn).should('exist').click();\ncy.get(_locators.default.issueTypeField).should('exist').click();\ncy.get(_locators.default.SelectOptionField).as('option');\ncy.get('@option').contains(type).click();\ncy.get(_locators.default.issueProirityField).should('exist').click();\ncy.get(_locators.default.SelectOptionField).as('option');\ncy.get('@option').contains(priority).click();\ncy.get(_locators.default.shortSummaryInput).should('exist').type('First ' + type);\ncy.get(_locators.default.descriptionParagraph).should('exist').type('This is the first ' + type);\ncy.get(_locators.default.reporterField).should('exist').click();\ncy.get(_locators.default.SelectOptionField).as('option');\ncy.get('@option').contains(reporter).click();\ncy.get(_locators.default.assigneesField).should('exist').click();\ncy.get(_locators.default.SelectOptionField).as('option');\ncy.get('@option').contains(assignee).click();\ncy.get('label').contains('Description').click();\ncy.get(_locators.default.form).find(\"[type='submit']\").contains('Create Issue').click();",
              "err": {},
              "uuid": "59b71c39-c9c1-4d7b-9d87-1a52bcd1b2aa",
              "parentUUID": "be4730d2-eea4-482d-bd76-a081a68f0e4c",
              "isHook": false,
              "skipped": false
            },
            {
              "title": "create issue - negative",
              "fullTitle": "test1 spec - Home page create issue - negative",
              "timedOut": null,
              "duration": 3260,
              "state": "passed",
              "speed": "fast",
              "pass": true,
              "fail": false,
              "pending": false,
              "context": null,
              "code": "let type = \"Bug\";\nlet priority = \"Lowest\";\nlet reporter = \"Iron Man\";\nlet assignee = \"Spider Man\";\ncy.log('Step 5 - check if create issue button is disabled');\ncy.get(_locators.default.addBtn).should('exist').click();\ncy.get(_locators.default.issueTypeField).should('exist').click();\ncy.get(_locators.default.SelectOptionField).as('option');\ncy.get('@option').contains(type).click();\ncy.get(_locators.default.issueProirityField).should('exist').click();\ncy.get(_locators.default.SelectOptionField).as('option');\ncy.get('@option').contains(priority).click();\ncy.get(_locators.default.descriptionParagraph).should('exist').type('This is the first bug');\ncy.get(_locators.default.reporterField).should('exist').click();\ncy.get(_locators.default.SelectOptionField).as('option');\ncy.get('@option').contains(reporter).click();\ncy.get(_locators.default.assigneesField).should('exist').click();\ncy.get(_locators.default.SelectOptionField).as('option');\ncy.get('@option').contains(assignee).click();\ncy.get('label').contains('Description').click();\ncy.get(_locators.default.form).find(\"[type='submit']\").contains('Create Issue').should('be.disabled');\ncy.get(_locators.default.form).find(\"[type='button']\").contains('Cancel').click();",
              "err": {},
              "uuid": "c87bcebc-1989-4d6f-a696-9aa32f601a18",
              "parentUUID": "be4730d2-eea4-482d-bd76-a081a68f0e4c",
              "isHook": false,
              "skipped": false
            },
            {
              "title": "edit first bug and add comment",
              "fullTitle": "test1 spec - Home page edit first bug and add comment",
              "timedOut": null,
              "duration": 3039,
              "state": "passed",
              "speed": "fast",
              "pass": true,
              "fail": false,
              "pending": false,
              "context": null,
              "code": "cy.log('Step 6 - edit first bug');\ncy.get(_locators.default.issueCardP).contains('First Bug').click();\ncy.get(_locators.default.issueTitleEditField).type(\" - fixed\");\ncy.get(_locators.default.issueCommentAdd).type('This is not a bug, it is a feature');\ncy.get(_locators.default.issueCommentAddButton).contains('Save').click();\ncy.get(_locators.default.issueStatusEdit).contains('Backlog').click();\ncy.get(_locators.default.issueStatusEditDropdown).contains('Done').click();\ncy.get(_locators.default.jButtonTimesIcon).click();",
              "err": {},
              "uuid": "4ecbe37d-76b5-44ae-9f47-b5b21b814bfc",
              "parentUUID": "be4730d2-eea4-482d-bd76-a081a68f0e4c",
              "isHook": false,
              "skipped": false
            },
            {
              "title": "delete first story",
              "fullTitle": "test1 spec - Home page delete first story",
              "timedOut": null,
              "duration": 1366,
              "state": "passed",
              "speed": "fast",
              "pass": true,
              "fail": false,
              "pending": false,
              "context": null,
              "code": "cy.log('Step 7 - Delete first story');\ncy.get(_locators.default.issueCardP).contains('First Story').click();\ncy.get(_locators.default.jButtonTrashIcon).click();\ncy.get('span').contains('Delete').click();",
              "err": {},
              "uuid": "6e4995ac-5a65-4988-995f-02dfc82564df",
              "parentUUID": "be4730d2-eea4-482d-bd76-a081a68f0e4c",
              "isHook": false,
              "skipped": false
            },
            {
              "title": "collapse and open sidebar",
              "fullTitle": "test1 spec - Home page collapse and open sidebar",
              "timedOut": null,
              "duration": 1460,
              "state": "passed",
              "speed": "fast",
              "pass": true,
              "fail": false,
              "pending": false,
              "context": null,
              "code": "cy.log('Step 8 - collapse and open sidebar');\ncy.get(_locators.default.sidebarButton).click();\ncy.wait(1000);\ncy.get(_locators.default.sidebarButton).click();",
              "err": {},
              "uuid": "054f1112-e249-47ac-aef2-7c5829b86001",
              "parentUUID": "be4730d2-eea4-482d-bd76-a081a68f0e4c",
              "isHook": false,
              "skipped": false
            }
          ],
          "suites": [],
          "passes": [
            "434f1e98-3936-46b4-941f-d622a8b3eb96",
            "90695bb9-3d26-4450-b532-baa90585a7f9",
            "ff26532c-2b5d-4965-a64b-1df286acb9b3",
            "59b71c39-c9c1-4d7b-9d87-1a52bcd1b2aa",
            "c87bcebc-1989-4d6f-a696-9aa32f601a18",
            "4ecbe37d-76b5-44ae-9f47-b5b21b814bfc",
            "6e4995ac-5a65-4988-995f-02dfc82564df",
            "054f1112-e249-47ac-aef2-7c5829b86001"
          ],
          "failures": [],
          "pending": [],
          "skipped": [],
          "duration": 22429,
          "root": false,
          "rootEmpty": false,
          "_timeout": 2000
        }
      ],
      "passes": [],
      "failures": [],
      "pending": [],
      "skipped": [],
      "duration": 0,
      "root": true,
      "rootEmpty": true,
      "_timeout": 2000
    }
  ],
  "meta": {
    "mocha": {
      "version": "7.0.1"
    },
    "mochawesome": {
      "options": {
        "quiet": false,
        "reportFilename": "mochawesome",
        "saveHtml": false,
        "saveJson": true,
        "consoleReporter": "spec",
        "useInlineDiffs": false,
        "code": true
      },
      "version": "7.1.3"
    },
    "marge": {
      "options": {
        "reportDir": "cypress/results",
        "overwrite": false,
        "html": false,
        "json": true
      },
      "version": "6.2.0"
    }
  }
}