{
  "stats": {
    "suites": 1,
    "tests": 2,
    "passes": 2,
    "pending": 0,
    "failures": 0,
    "start": "2022-08-22T23:15:38.691Z",
    "end": "2022-08-22T23:15:45.199Z",
    "duration": 6508,
    "testsRegistered": 2,
    "passPercent": 100,
    "pendingPercent": 0,
    "other": 0,
    "hasOther": false,
    "skipped": 0,
    "hasSkipped": false
  },
  "results": [
    {
      "uuid": "15f3208a-6f50-441d-b564-92fe1cf8a795",
      "title": "",
      "fullFile": "cypress\\e2e\\test-2-settings_page.cy.js",
      "file": "cypress\\e2e\\test-2-settings_page.cy.js",
      "beforeHooks": [],
      "afterHooks": [],
      "tests": [],
      "suites": [
        {
          "uuid": "87be22c0-2ac5-4a6b-bd46-604ce208d213",
          "title": "test2 spec - Settings page",
          "fullFile": "",
          "file": "",
          "beforeHooks": [],
          "afterHooks": [],
          "tests": [
            {
              "title": "open settings page",
              "fullTitle": "test2 spec - Settings page open settings page",
              "timedOut": null,
              "duration": 2963,
              "state": "passed",
              "speed": "fast",
              "pass": true,
              "fail": false,
              "pending": false,
              "context": null,
              "code": "cy.log('Step 1 - load home page, then visit settings page');\ncy.visit('/');\ncy.get('div').contains('Project Settings').click();\ncy.get(_locators.default.sidebarButton).click();\ncy.wait(1000);\ncy.get(_locators.default.sidebarButton).click();",
              "err": {},
              "uuid": "25a5f173-35e2-4afe-bdda-5d4da884788a",
              "parentUUID": "87be22c0-2ac5-4a6b-bd46-604ce208d213",
              "isHook": false,
              "skipped": false
            },
            {
              "title": "edit settings",
              "fullTitle": "test2 spec - Settings page edit settings",
              "timedOut": null,
              "duration": 3512,
              "state": "passed",
              "speed": "fast",
              "pass": true,
              "fail": false,
              "pending": false,
              "context": null,
              "code": "cy.log('Step 2 - edit project setting, save and verify');\ncy.get(_locators.default.projectNameInput).should('exist').clear().type('Demo QA Jira Clone');\ncy.get(_locators.default.projectURLInput).should('exist').clear().type('https://github.com/cvele992/QA-Automation-cypress-test');\ncy.get(_locators.default.projectCategorySelect).should('exist').select('Marketing');\ncy.get(_locators.default.projectDescriptionTextarea).should('exist').type('used for QA Automation test');\ncy.get(_locators.default.projectSaveButton).should('exist').click();\ncy.wait(1000);\ncy.get('div').contains('Changes have been saved successfully.');",
              "err": {},
              "uuid": "737e91bd-6235-4af6-b7e2-e1758a8ae198",
              "parentUUID": "87be22c0-2ac5-4a6b-bd46-604ce208d213",
              "isHook": false,
              "skipped": false
            }
          ],
          "suites": [],
          "passes": [
            "25a5f173-35e2-4afe-bdda-5d4da884788a",
            "737e91bd-6235-4af6-b7e2-e1758a8ae198"
          ],
          "failures": [],
          "pending": [],
          "skipped": [],
          "duration": 6475,
          "root": false,
          "rootEmpty": false,
          "_timeout": 2000
        }
      ],
      "passes": [],
      "failures": [],
      "pending": [],
      "skipped": [],
      "duration": 0,
      "root": true,
      "rootEmpty": true,
      "_timeout": 2000
    }
  ],
  "meta": {
    "mocha": {
      "version": "7.0.1"
    },
    "mochawesome": {
      "options": {
        "quiet": false,
        "reportFilename": "mochawesome",
        "saveHtml": false,
        "saveJson": true,
        "consoleReporter": "spec",
        "useInlineDiffs": false,
        "code": true
      },
      "version": "7.1.3"
    },
    "marge": {
      "options": {
        "reportDir": "cypress/results",
        "overwrite": false,
        "html": false,
        "json": true
      },
      "version": "6.2.0"
    }
  }
}