{
  "stats": {
    "suites": 1,
    "tests": 2,
    "passes": 2,
    "pending": 0,
    "failures": 0,
    "start": "2022-08-22T22:36:29.038Z",
    "end": "2022-08-22T22:36:45.069Z",
    "duration": 16031,
    "testsRegistered": 2,
    "passPercent": 100,
    "pendingPercent": 0,
    "other": 0,
    "hasOther": false,
    "skipped": 0,
    "hasSkipped": false
  },
  "results": [
    {
      "uuid": "fd58fb20-ef93-47f9-be66-e3ff05ef5607",
      "title": "",
      "fullFile": "cypress\\e2e\\test-4-bug_flow.cy.js",
      "file": "cypress\\e2e\\test-4-bug_flow.cy.js",
      "beforeHooks": [],
      "afterHooks": [],
      "tests": [],
      "suites": [
        {
          "uuid": "7f6d7ba6-51d4-4843-bb51-7a752c9ad577",
          "title": "test4 spec - Bug flow",
          "fullFile": "",
          "file": "",
          "beforeHooks": [],
          "afterHooks": [],
          "tests": [
            {
              "title": "open home page",
              "fullTitle": "test4 spec - Bug flow open home page",
              "timedOut": null,
              "duration": 742,
              "state": "passed",
              "speed": "fast",
              "pass": true,
              "fail": false,
              "pending": false,
              "context": null,
              "code": "cy.log('Step 1 - load home page');\ncy.visit('/');",
              "err": {},
              "uuid": "d2c1a74c-8052-451d-91e5-f6e378f30216",
              "parentUUID": "7f6d7ba6-51d4-4843-bb51-7a752c9ad577",
              "isHook": false,
              "skipped": false
            },
            {
              "title": "test bug flow",
              "fullTitle": "test4 spec - Bug flow test bug flow",
              "timedOut": null,
              "duration": 15239,
              "state": "passed",
              "speed": "slow",
              "pass": true,
              "fail": false,
              "pending": false,
              "context": null,
              "code": "let type = \"Bug\";\nlet priority = \"Lowest\";\nlet reporter = \"Iron Man\";\nlet assignee = \"Spider Man\";\ncy.log('Step 2 - create bug');\ncy.get(_locators.default.addBtn).should('exist').click();\ncy.get(_locators.default.issueTypeField).should('exist').click();\ncy.get(_locators.default.SelectOptionField).as('option');\ncy.get('@option').contains(type).click();\ncy.get(_locators.default.issueProirityField).should('exist').click();\ncy.get(_locators.default.SelectOptionField).as('option');\ncy.get('@option').contains(priority).click();\ncy.get(_locators.default.shortSummaryInput).should('exist').type('New ' + type);\ncy.get(_locators.default.descriptionParagraph).should('exist').type('This is the new bug');\ncy.get(_locators.default.reporterField).should('exist').click();\ncy.get(_locators.default.SelectOptionField).as('option');\ncy.get('@option').contains(reporter).click();\ncy.get(_locators.default.assigneesField).should('exist').click();\ncy.get(_locators.default.SelectOptionField).as('option');\ncy.get('@option').contains(assignee).click();\ncy.get('label').contains('Description').click();\ncy.get(_locators.default.form).find(\"[type='submit']\").contains('Create Issue').click();\ncy.wait(1000);\ncy.get(_locators.default.issueCardP).contains('New Bug').click();\ncy.get(_locators.default.issueCommentAdd).type('This bug will be selected for development');\ncy.get(_locators.default.issueCommentAddButton).contains('Save').click();\ncy.get(_locators.default.issueStatusEdit).contains('Backlog').click();\ncy.get(_locators.default.issueStatusEditDropdown).contains('Selected for Development').click();\ncy.wait(1000);\ncy.get(_locators.default.jButtonTimesIcon).click();\ncy.get(_locators.default.issueCardP).contains('New Bug').click();\ncy.get(_locators.default.issueCommentAdd).type('This bug is currently in progress');\ncy.get(_locators.default.issueCommentAddButton).contains('Save').click();\ncy.get(_locators.default.issueStatusEdit).contains('Selected for Development').click();\ncy.get(_locators.default.issueStatusEditDropdown).contains('In progress').click();\ncy.wait(1000);\ncy.get(_locators.default.jButtonTimesIcon).click();\ncy.get(_locators.default.issueCardP).contains('New Bug').click();\ncy.get(_locators.default.issueCommentAdd).type('This bug is done');\ncy.get(_locators.default.issueCommentAddButton).contains('Save').click();\ncy.get(_locators.default.issueStatusEdit).contains('In progress').click();\ncy.get(_locators.default.issueStatusEditDropdown).contains('Done').click();\ncy.wait(1000);\ncy.get(_locators.default.jButtonTimesIcon).click();",
              "err": {},
              "uuid": "69fd0dfb-2eeb-4bc8-a566-486b624daf0a",
              "parentUUID": "7f6d7ba6-51d4-4843-bb51-7a752c9ad577",
              "isHook": false,
              "skipped": false
            }
          ],
          "suites": [],
          "passes": [
            "d2c1a74c-8052-451d-91e5-f6e378f30216",
            "69fd0dfb-2eeb-4bc8-a566-486b624daf0a"
          ],
          "failures": [],
          "pending": [],
          "skipped": [],
          "duration": 15981,
          "root": false,
          "rootEmpty": false,
          "_timeout": 2000
        }
      ],
      "passes": [],
      "failures": [],
      "pending": [],
      "skipped": [],
      "duration": 0,
      "root": true,
      "rootEmpty": true,
      "_timeout": 2000
    }
  ],
  "meta": {
    "mocha": {
      "version": "7.0.1"
    },
    "mochawesome": {
      "options": {
        "quiet": false,
        "reportFilename": "mochawesome",
        "saveHtml": false,
        "saveJson": true,
        "consoleReporter": "spec",
        "useInlineDiffs": false,
        "code": true
      },
      "version": "7.1.3"
    },
    "marge": {
      "options": {
        "reportDir": "cypress/results",
        "overwrite": false,
        "html": false,
        "json": true
      },
      "version": "6.2.0"
    }
  }
}