{
  "stats": {
    "suites": 1,
    "tests": 8,
    "passes": 8,
    "pending": 0,
    "failures": 0,
    "start": "2022-08-22T23:15:12.719Z",
    "end": "2022-08-22T23:15:34.639Z",
    "duration": 21920,
    "testsRegistered": 8,
    "passPercent": 100,
    "pendingPercent": 0,
    "other": 0,
    "hasOther": false,
    "skipped": 0,
    "hasSkipped": false
  },
  "results": [
    {
      "uuid": "288e269a-26c1-4108-9ed2-1f83f5e5e9cd",
      "title": "",
      "fullFile": "cypress\\e2e\\test-1-home_page.cy.js",
      "file": "cypress\\e2e\\test-1-home_page.cy.js",
      "beforeHooks": [],
      "afterHooks": [],
      "tests": [],
      "suites": [
        {
          "uuid": "56697c64-681a-4113-bb95-f9315c748a28",
          "title": "test1 spec - Home page",
          "fullFile": "",
          "file": "",
          "beforeHooks": [],
          "afterHooks": [],
          "tests": [
            {
              "title": "open home page",
              "fullTitle": "test1 spec - Home page open home page",
              "timedOut": null,
              "duration": 1873,
              "state": "passed",
              "speed": "fast",
              "pass": true,
              "fail": false,
              "pending": false,
              "context": null,
              "code": "cy.visit('/');",
              "err": {},
              "uuid": "056328b0-c15b-40f4-a407-9f8dc3811ecb",
              "parentUUID": "56697c64-681a-4113-bb95-f9315c748a28",
              "isHook": false,
              "skipped": false
            },
            {
              "title": "create issue - Bug",
              "fullTitle": "test1 spec - Home page create issue - Bug",
              "timedOut": null,
              "duration": 3578,
              "state": "passed",
              "speed": "fast",
              "pass": true,
              "fail": false,
              "pending": false,
              "context": null,
              "code": "cy.log('Step ' + brojac + ' - create ' + type);\ncy.get(_locators.default.addBtn).should('exist').click();\ncy.get(_locators.default.issueTypeField).should('exist').click();\ncy.get(_locators.default.SelectOptionField).as('option');\ncy.get('@option').contains(type).click();\ncy.get(_locators.default.issueProirityField).should('exist').click();\ncy.get(_locators.default.SelectOptionField).as('option');\ncy.get('@option').contains(priority).click();\ncy.get(_locators.default.shortSummaryInput).should('exist').type('First ' + type);\ncy.get(_locators.default.descriptionParagraph).should('exist').type('This is the first ' + type);\ncy.get(_locators.default.reporterField).should('exist').click();\ncy.get(_locators.default.SelectOptionField).as('option');\ncy.get('@option').contains(reporter).click();\ncy.get(_locators.default.assigneesField).should('exist').click();\ncy.get(_locators.default.SelectOptionField).as('option');\ncy.get('@option').contains(assignee).click();\ncy.get('label').contains('Description').click();\ncy.get(_locators.default.form).find(\"[type='submit']\").contains('Create Issue').click();",
              "err": {},
              "uuid": "ca93e92d-976a-48e8-b42a-e26174aac573",
              "parentUUID": "56697c64-681a-4113-bb95-f9315c748a28",
              "isHook": false,
              "skipped": false
            },
            {
              "title": "create issue - Story",
              "fullTitle": "test1 spec - Home page create issue - Story",
              "timedOut": null,
              "duration": 3659,
              "state": "passed",
              "speed": "fast",
              "pass": true,
              "fail": false,
              "pending": false,
              "context": null,
              "code": "cy.log('Step ' + brojac + ' - create ' + type);\ncy.get(_locators.default.addBtn).should('exist').click();\ncy.get(_locators.default.issueTypeField).should('exist').click();\ncy.get(_locators.default.SelectOptionField).as('option');\ncy.get('@option').contains(type).click();\ncy.get(_locators.default.issueProirityField).should('exist').click();\ncy.get(_locators.default.SelectOptionField).as('option');\ncy.get('@option').contains(priority).click();\ncy.get(_locators.default.shortSummaryInput).should('exist').type('First ' + type);\ncy.get(_locators.default.descriptionParagraph).should('exist').type('This is the first ' + type);\ncy.get(_locators.default.reporterField).should('exist').click();\ncy.get(_locators.default.SelectOptionField).as('option');\ncy.get('@option').contains(reporter).click();\ncy.get(_locators.default.assigneesField).should('exist').click();\ncy.get(_locators.default.SelectOptionField).as('option');\ncy.get('@option').contains(assignee).click();\ncy.get('label').contains('Description').click();\ncy.get(_locators.default.form).find(\"[type='submit']\").contains('Create Issue').click();",
              "err": {},
              "uuid": "e4ecc57b-b4cd-4838-a222-2977d8d41a8f",
              "parentUUID": "56697c64-681a-4113-bb95-f9315c748a28",
              "isHook": false,
              "skipped": false
            },
            {
              "title": "create issue - Task",
              "fullTitle": "test1 spec - Home page create issue - Task",
              "timedOut": null,
              "duration": 3731,
              "state": "passed",
              "speed": "fast",
              "pass": true,
              "fail": false,
              "pending": false,
              "context": null,
              "code": "cy.log('Step ' + brojac + ' - create ' + type);\ncy.get(_locators.default.addBtn).should('exist').click();\ncy.get(_locators.default.issueTypeField).should('exist').click();\ncy.get(_locators.default.SelectOptionField).as('option');\ncy.get('@option').contains(type).click();\ncy.get(_locators.default.issueProirityField).should('exist').click();\ncy.get(_locators.default.SelectOptionField).as('option');\ncy.get('@option').contains(priority).click();\ncy.get(_locators.default.shortSummaryInput).should('exist').type('First ' + type);\ncy.get(_locators.default.descriptionParagraph).should('exist').type('This is the first ' + type);\ncy.get(_locators.default.reporterField).should('exist').click();\ncy.get(_locators.default.SelectOptionField).as('option');\ncy.get('@option').contains(reporter).click();\ncy.get(_locators.default.assigneesField).should('exist').click();\ncy.get(_locators.default.SelectOptionField).as('option');\ncy.get('@option').contains(assignee).click();\ncy.get('label').contains('Description').click();\ncy.get(_locators.default.form).find(\"[type='submit']\").contains('Create Issue').click();",
              "err": {},
              "uuid": "18b27c09-8c75-4708-85d9-351e87e0e81d",
              "parentUUID": "56697c64-681a-4113-bb95-f9315c748a28",
              "isHook": false,
              "skipped": false
            },
            {
              "title": "create issue - negative",
              "fullTitle": "test1 spec - Home page create issue - negative",
              "timedOut": null,
              "duration": 3310,
              "state": "passed",
              "speed": "fast",
              "pass": true,
              "fail": false,
              "pending": false,
              "context": null,
              "code": "let type = \"Bug\";\nlet priority = \"Lowest\";\nlet reporter = \"Iron Man\";\nlet assignee = \"Spider Man\";\ncy.log('Step 5 - check if create issue button is disabled');\ncy.get(_locators.default.addBtn).should('exist').click();\ncy.get(_locators.default.issueTypeField).should('exist').click();\ncy.get(_locators.default.SelectOptionField).as('option');\ncy.get('@option').contains(type).click();\ncy.get(_locators.default.issueProirityField).should('exist').click();\ncy.get(_locators.default.SelectOptionField).as('option');\ncy.get('@option').contains(priority).click();\ncy.get(_locators.default.descriptionParagraph).should('exist').type('This is the first bug');\ncy.get(_locators.default.reporterField).should('exist').click();\ncy.get(_locators.default.SelectOptionField).as('option');\ncy.get('@option').contains(reporter).click();\ncy.get(_locators.default.assigneesField).should('exist').click();\ncy.get(_locators.default.SelectOptionField).as('option');\ncy.get('@option').contains(assignee).click();\ncy.get('label').contains('Description').click();\ncy.get(_locators.default.form).find(\"[type='submit']\").contains('Create Issue').should('be.disabled');\ncy.get(_locators.default.form).find(\"[type='button']\").contains('Cancel').click();",
              "err": {},
              "uuid": "d7ee6e92-4be9-43ce-831d-aad8544535d9",
              "parentUUID": "56697c64-681a-4113-bb95-f9315c748a28",
              "isHook": false,
              "skipped": false
            },
            {
              "title": "edit first bug and add comment",
              "fullTitle": "test1 spec - Home page edit first bug and add comment",
              "timedOut": null,
              "duration": 2879,
              "state": "passed",
              "speed": "fast",
              "pass": true,
              "fail": false,
              "pending": false,
              "context": null,
              "code": "cy.log('Step 6 - edit first bug');\ncy.get(_locators.default.issueCardP).contains('First Bug').click();\ncy.get(_locators.default.issueTitleEditField).type(\" - fixed\");\ncy.get(_locators.default.issueCommentAdd).type('This is not a bug, it is a feature');\ncy.get(_locators.default.issueCommentAddButton).contains('Save').click();\ncy.get(_locators.default.issueStatusEdit).contains('Backlog').click();\ncy.get(_locators.default.issueStatusEditDropdown).contains('Done').click();\ncy.get(_locators.default.jButtonTimesIcon).click();",
              "err": {},
              "uuid": "fcdebabe-5a36-4ab6-9c5d-9feb211f99fb",
              "parentUUID": "56697c64-681a-4113-bb95-f9315c748a28",
              "isHook": false,
              "skipped": false
            },
            {
              "title": "delete first story",
              "fullTitle": "test1 spec - Home page delete first story",
              "timedOut": null,
              "duration": 1370,
              "state": "passed",
              "speed": "fast",
              "pass": true,
              "fail": false,
              "pending": false,
              "context": null,
              "code": "cy.log('Step 7 - Delete first story');\ncy.get(_locators.default.issueCardP).contains('First Story').click();\ncy.get(_locators.default.jButtonTrashIcon).click();\ncy.get('span').contains('Delete').click();",
              "err": {},
              "uuid": "39f60c80-b575-4579-8d3a-e619df7d23f6",
              "parentUUID": "56697c64-681a-4113-bb95-f9315c748a28",
              "isHook": false,
              "skipped": false
            },
            {
              "title": "collapse and open sidebar",
              "fullTitle": "test1 spec - Home page collapse and open sidebar",
              "timedOut": null,
              "duration": 1434,
              "state": "passed",
              "speed": "fast",
              "pass": true,
              "fail": false,
              "pending": false,
              "context": null,
              "code": "cy.log('Step 8 - collapse and open sidebar');\ncy.get(_locators.default.sidebarButton).click();\ncy.wait(1000);\ncy.get(_locators.default.sidebarButton).click();",
              "err": {},
              "uuid": "c9819cd5-eb49-4b05-8101-227ab32c983c",
              "parentUUID": "56697c64-681a-4113-bb95-f9315c748a28",
              "isHook": false,
              "skipped": false
            }
          ],
          "suites": [],
          "passes": [
            "056328b0-c15b-40f4-a407-9f8dc3811ecb",
            "ca93e92d-976a-48e8-b42a-e26174aac573",
            "e4ecc57b-b4cd-4838-a222-2977d8d41a8f",
            "18b27c09-8c75-4708-85d9-351e87e0e81d",
            "d7ee6e92-4be9-43ce-831d-aad8544535d9",
            "fcdebabe-5a36-4ab6-9c5d-9feb211f99fb",
            "39f60c80-b575-4579-8d3a-e619df7d23f6",
            "c9819cd5-eb49-4b05-8101-227ab32c983c"
          ],
          "failures": [],
          "pending": [],
          "skipped": [],
          "duration": 21834,
          "root": false,
          "rootEmpty": false,
          "_timeout": 2000
        }
      ],
      "passes": [],
      "failures": [],
      "pending": [],
      "skipped": [],
      "duration": 0,
      "root": true,
      "rootEmpty": true,
      "_timeout": 2000
    }
  ],
  "meta": {
    "mocha": {
      "version": "7.0.1"
    },
    "mochawesome": {
      "options": {
        "quiet": false,
        "reportFilename": "mochawesome",
        "saveHtml": false,
        "saveJson": true,
        "consoleReporter": "spec",
        "useInlineDiffs": false,
        "code": true
      },
      "version": "7.1.3"
    },
    "marge": {
      "options": {
        "reportDir": "cypress/results",
        "overwrite": false,
        "html": false,
        "json": true
      },
      "version": "6.2.0"
    }
  }
}