{
  "stats": {
    "suites": 1,
    "tests": 2,
    "passes": 2,
    "pending": 0,
    "failures": 0,
    "start": "2022-08-19T23:08:10.125Z",
    "end": "2022-08-19T23:08:14.708Z",
    "duration": 4583,
    "testsRegistered": 2,
    "passPercent": 100,
    "pendingPercent": 0,
    "other": 0,
    "hasOther": false,
    "skipped": 0,
    "hasSkipped": false
  },
  "results": [
    {
      "uuid": "0a6ce40e-5a19-4e1a-8ed7-e24f9551ff42",
      "title": "",
      "fullFile": "cypress\\e2e\\test-settings_page.cy.js",
      "file": "cypress\\e2e\\test-settings_page.cy.js",
      "beforeHooks": [],
      "afterHooks": [],
      "tests": [],
      "suites": [
        {
          "uuid": "e888f725-d7a1-47fc-be3d-cfcb94711b2a",
          "title": "test2 spec",
          "fullFile": "",
          "file": "",
          "beforeHooks": [],
          "afterHooks": [],
          "tests": [
            {
              "title": "open settings page",
              "fullTitle": "test2 spec open settings page",
              "timedOut": null,
              "duration": 1282,
              "state": "passed",
              "speed": "fast",
              "pass": true,
              "fail": false,
              "pending": false,
              "context": null,
              "code": "cy.log('Step 1 - load home page, then visit settings page');\ncy.visit('/');\ncy.get('div').contains('Project Settings').click();",
              "err": {},
              "uuid": "3239849a-a43c-4005-84ad-7bc66db14cb6",
              "parentUUID": "e888f725-d7a1-47fc-be3d-cfcb94711b2a",
              "isHook": false,
              "skipped": false
            },
            {
              "title": "edit settings",
              "fullTitle": "test2 spec edit settings",
              "timedOut": null,
              "duration": 3256,
              "state": "passed",
              "speed": "fast",
              "pass": true,
              "fail": false,
              "pending": false,
              "context": null,
              "code": "cy.log('Step 2 - edit project setting, save and verify');\ncy.get(_locators.default.projectNameInput).should('exist').clear().type('Demo QA Jira Clone');\ncy.get(_locators.default.projectURLInput).should('exist').clear().type('https://github.com/trungk18/jira-clone-angular');\ncy.get(_locators.default.projectCategorySelect).should('exist').select('Marketing');\ncy.get(_locators.default.projectDescriptionTextarea).should('exist').type('used for QA Automation test');\ncy.get(_locators.default.projectSaveButton).should('exist').click();\ncy.wait(1000);\ncy.get('div').contains('Changes have been saved successfully.');",
              "err": {},
              "uuid": "144c8cd6-92e5-4cc4-b4ce-44d9f6b322ce",
              "parentUUID": "e888f725-d7a1-47fc-be3d-cfcb94711b2a",
              "isHook": false,
              "skipped": false
            }
          ],
          "suites": [],
          "passes": [
            "3239849a-a43c-4005-84ad-7bc66db14cb6",
            "144c8cd6-92e5-4cc4-b4ce-44d9f6b322ce"
          ],
          "failures": [],
          "pending": [],
          "skipped": [],
          "duration": 4538,
          "root": false,
          "rootEmpty": false,
          "_timeout": 2000
        }
      ],
      "passes": [],
      "failures": [],
      "pending": [],
      "skipped": [],
      "duration": 0,
      "root": true,
      "rootEmpty": true,
      "_timeout": 2000
    }
  ],
  "meta": {
    "mocha": {
      "version": "7.0.1"
    },
    "mochawesome": {
      "options": {
        "quiet": false,
        "reportFilename": "mochawesome",
        "saveHtml": false,
        "saveJson": true,
        "consoleReporter": "spec",
        "useInlineDiffs": false,
        "code": true
      },
      "version": "7.1.3"
    },
    "marge": {
      "options": {
        "reportDir": "cypress/results",
        "overwrite": false,
        "html": false,
        "json": true
      },
      "version": "6.2.0"
    }
  }
}