{
  "stats": {
    "suites": 1,
    "tests": 2,
    "passes": 2,
    "pending": 0,
    "failures": 0,
    "start": "2022-08-22T22:36:25.074Z",
    "end": "2022-08-22T22:36:26.104Z",
    "duration": 1030,
    "testsRegistered": 2,
    "passPercent": 100,
    "pendingPercent": 0,
    "other": 0,
    "hasOther": false,
    "skipped": 0,
    "hasSkipped": false
  },
  "results": [
    {
      "uuid": "8f154b89-2214-4f4e-bc63-93f11a67ec6e",
      "title": "",
      "fullFile": "cypress\\e2e\\test-3-hover_options.cy.js",
      "file": "cypress\\e2e\\test-3-hover_options.cy.js",
      "beforeHooks": [],
      "afterHooks": [],
      "tests": [],
      "suites": [
        {
          "uuid": "07780053-cda7-4e19-afd6-8bf262919c90",
          "title": "test3 spec - Hover options",
          "fullFile": "",
          "file": "",
          "beforeHooks": [],
          "afterHooks": [],
          "tests": [
            {
              "title": "open home page",
              "fullTitle": "test3 spec - Hover options open home page",
              "timedOut": null,
              "duration": 531,
              "state": "passed",
              "speed": "fast",
              "pass": true,
              "fail": false,
              "pending": false,
              "context": null,
              "code": "cy.log('Step 1 - load home page');\ncy.visit('/');",
              "err": {},
              "uuid": "93b149d2-05a8-40c1-a934-d95471accd27",
              "parentUUID": "07780053-cda7-4e19-afd6-8bf262919c90",
              "isHook": false,
              "skipped": false
            },
            {
              "title": "test hover options with cypress real events",
              "fullTitle": "test3 spec - Hover options test hover options with cypress real events",
              "timedOut": null,
              "duration": 475,
              "state": "passed",
              "speed": "fast",
              "pass": true,
              "fail": false,
              "pending": false,
              "context": null,
              "code": "cy.log('Step 2 - hover over button and check if text is displayed');\ncy.get(_locators.default.projectSearchLogo).realHover();\ncy.get('.ant-tooltip-inner.ng-tns-c76-2').should('have.text', 'Search issues');\ncy.get(_locators.default.projectCreateIssueLogo).realHover();\ncy.get('.ant-tooltip-inner.ng-tns-c76-3').should('have.text', 'Create issue');",
              "err": {},
              "uuid": "5c1ed93a-bda1-40f8-b30d-f9bf74d7256d",
              "parentUUID": "07780053-cda7-4e19-afd6-8bf262919c90",
              "isHook": false,
              "skipped": false
            }
          ],
          "suites": [],
          "passes": [
            "93b149d2-05a8-40c1-a934-d95471accd27",
            "5c1ed93a-bda1-40f8-b30d-f9bf74d7256d"
          ],
          "failures": [],
          "pending": [],
          "skipped": [],
          "duration": 1006,
          "root": false,
          "rootEmpty": false,
          "_timeout": 2000
        }
      ],
      "passes": [],
      "failures": [],
      "pending": [],
      "skipped": [],
      "duration": 0,
      "root": true,
      "rootEmpty": true,
      "_timeout": 2000
    }
  ],
  "meta": {
    "mocha": {
      "version": "7.0.1"
    },
    "mochawesome": {
      "options": {
        "quiet": false,
        "reportFilename": "mochawesome",
        "saveHtml": false,
        "saveJson": true,
        "consoleReporter": "spec",
        "useInlineDiffs": false,
        "code": true
      },
      "version": "7.1.3"
    },
    "marge": {
      "options": {
        "reportDir": "cypress/results",
        "overwrite": false,
        "html": false,
        "json": true
      },
      "version": "6.2.0"
    }
  }
}