{
  "stats": {
    "suites": 1,
    "tests": 2,
    "passes": 2,
    "pending": 0,
    "failures": 0,
    "start": "2022-08-22T23:15:48.679Z",
    "end": "2022-08-22T23:15:49.712Z",
    "duration": 1033,
    "testsRegistered": 2,
    "passPercent": 100,
    "pendingPercent": 0,
    "other": 0,
    "hasOther": false,
    "skipped": 0,
    "hasSkipped": false
  },
  "results": [
    {
      "uuid": "76b0ebce-c362-447c-ace0-c23478f7afce",
      "title": "",
      "fullFile": "cypress\\e2e\\test-3-hover_options.cy.js",
      "file": "cypress\\e2e\\test-3-hover_options.cy.js",
      "beforeHooks": [],
      "afterHooks": [],
      "tests": [],
      "suites": [
        {
          "uuid": "1a20dd8f-e9f0-405d-8503-d1af72165708",
          "title": "test3 spec - Hover options",
          "fullFile": "",
          "file": "",
          "beforeHooks": [],
          "afterHooks": [],
          "tests": [
            {
              "title": "open home page",
              "fullTitle": "test3 spec - Hover options open home page",
              "timedOut": null,
              "duration": 587,
              "state": "passed",
              "speed": "fast",
              "pass": true,
              "fail": false,
              "pending": false,
              "context": null,
              "code": "cy.log('Step 1 - load home page');\ncy.visit('/');",
              "err": {},
              "uuid": "19cfdd48-bf41-4ee6-8c3d-94b6bbad8807",
              "parentUUID": "1a20dd8f-e9f0-405d-8503-d1af72165708",
              "isHook": false,
              "skipped": false
            },
            {
              "title": "test hover options with cypress real events",
              "fullTitle": "test3 spec - Hover options test hover options with cypress real events",
              "timedOut": null,
              "duration": 384,
              "state": "passed",
              "speed": "fast",
              "pass": true,
              "fail": false,
              "pending": false,
              "context": null,
              "code": "cy.log('Step 2 - hover over button and check if text is displayed');\ncy.get(_locators.default.projectSearchLogo).realHover();\ncy.get('.ant-tooltip-inner.ng-tns-c76-2').should('have.text', 'Search issues');\ncy.get(_locators.default.projectCreateIssueLogo).realHover();\ncy.get('.ant-tooltip-inner.ng-tns-c76-3').should('have.text', 'Create issue');",
              "err": {},
              "uuid": "390c9fdd-9d1e-445d-8ee9-f7bbf26bd8e6",
              "parentUUID": "1a20dd8f-e9f0-405d-8503-d1af72165708",
              "isHook": false,
              "skipped": false
            }
          ],
          "suites": [],
          "passes": [
            "19cfdd48-bf41-4ee6-8c3d-94b6bbad8807",
            "390c9fdd-9d1e-445d-8ee9-f7bbf26bd8e6"
          ],
          "failures": [],
          "pending": [],
          "skipped": [],
          "duration": 971,
          "root": false,
          "rootEmpty": false,
          "_timeout": 2000
        }
      ],
      "passes": [],
      "failures": [],
      "pending": [],
      "skipped": [],
      "duration": 0,
      "root": true,
      "rootEmpty": true,
      "_timeout": 2000
    }
  ],
  "meta": {
    "mocha": {
      "version": "7.0.1"
    },
    "mochawesome": {
      "options": {
        "quiet": false,
        "reportFilename": "mochawesome",
        "saveHtml": false,
        "saveJson": true,
        "consoleReporter": "spec",
        "useInlineDiffs": false,
        "code": true
      },
      "version": "7.1.3"
    },
    "marge": {
      "options": {
        "reportDir": "cypress/results",
        "overwrite": false,
        "html": false,
        "json": true
      },
      "version": "6.2.0"
    }
  }
}